d:\program files (x86)\visualstudio\of_v0.12.0_vs_release\apps\myapps\emptyexample\obj\x64\debug\build\debug\particleanchorspring.obj
d:\program files (x86)\visualstudio\of_v0.12.0_vs_release\apps\myapps\emptyexample\obj\x64\debug\build\debug\particlecable.obj
d:\program files (x86)\visualstudio\of_v0.12.0_vs_release\apps\myapps\emptyexample\obj\x64\debug\build\debug\particlecontactresolver.obj
d:\program files (x86)\visualstudio\of_v0.12.0_vs_release\apps\myapps\emptyexample\obj\x64\debug\build\debug\particlegravity.obj
d:\program files (x86)\visualstudio\of_v0.12.0_vs_release\apps\myapps\emptyexample\obj\x64\debug\build\debug\vecteur3d.obj
d:\program files (x86)\visualstudio\of_v0.12.0_vs_release\apps\myapps\emptyexample\obj\x64\debug\build\debug\integrateur.obj
d:\program files (x86)\visualstudio\of_v0.12.0_vs_release\apps\myapps\emptyexample\obj\x64\debug\build\debug\particleforcegenerator.obj
d:\program files (x86)\visualstudio\of_v0.12.0_vs_release\apps\myapps\emptyexample\obj\x64\debug\build\debug\particlerod.obj
d:\program files (x86)\visualstudio\of_v0.12.0_vs_release\apps\myapps\emptyexample\obj\x64\debug\build\debug\ground.obj
d:\program files (x86)\visualstudio\of_v0.12.0_vs_release\apps\myapps\emptyexample\obj\x64\debug\build\debug\particlecontactgenerator.obj
d:\program files (x86)\visualstudio\of_v0.12.0_vs_release\apps\myapps\emptyexample\obj\x64\debug\build\debug\particleforceregistry.obj
d:\program files (x86)\visualstudio\of_v0.12.0_vs_release\apps\myapps\emptyexample\obj\x64\debug\build\debug\particlespring.obj
d:\program files (x86)\visualstudio\of_v0.12.0_vs_release\apps\myapps\emptyexample\obj\x64\debug\build\debug\collision.obj
d:\program files (x86)\visualstudio\of_v0.12.0_vs_release\apps\myapps\emptyexample\obj\x64\debug\build\debug\particlecontact.obj
d:\program files (x86)\visualstudio\of_v0.12.0_vs_release\apps\myapps\emptyexample\obj\x64\debug\build\debug\particledrag.obj
d:\program files (x86)\visualstudio\of_v0.12.0_vs_release\apps\myapps\emptyexample\obj\x64\debug\build\debug\particlelink.obj
d:\program files (x86)\visualstudio\of_v0.12.0_vs_release\apps\myapps\emptyexample\obj\x64\debug\build\debug\particule.obj
d:\program files (x86)\visualstudio\of_v0.12.0_vs_release\apps\myapps\emptyexample\obj\x64\debug\build\debug\quaternion.obj
d:\program files (x86)\visualstudio\of_v0.12.0_vs_release\apps\myapps\emptyexample\obj\x64\debug\build\debug\rigidbody.obj
d:\program files (x86)\visualstudio\of_v0.12.0_vs_release\apps\myapps\emptyexample\obj\x64\debug\build\debug\matrix34.obj
d:\program files (x86)\visualstudio\of_v0.12.0_vs_release\apps\myapps\emptyexample\obj\x64\debug\build\debug\matrix33.obj
d:\program files (x86)\visualstudio\of_v0.12.0_vs_release\apps\myapps\emptyexample\obj\x64\debug\vc143.pdb
d:\program files (x86)\visualstudio\of_v0.12.0_vs_release\apps\myapps\emptyexample\obj\x64\debug\build\src\debug\main.obj
d:\program files (x86)\visualstudio\of_v0.12.0_vs_release\apps\myapps\emptyexample\obj\x64\debug\build\src\debug\ofapp.obj
c:\users\noe76\downloads\of_v0.12.0_vs_release\of_v0.12.0_vs_release\apps\myapps\emptyexample\obj\x64\debug\build\debug\particlelink.obj
c:\users\noe76\downloads\of_v0.12.0_vs_release\of_v0.12.0_vs_release\apps\myapps\emptyexample\obj\x64\debug\build\debug\particlecontact.obj
c:\users\noe76\downloads\of_v0.12.0_vs_release\of_v0.12.0_vs_release\apps\myapps\emptyexample\obj\x64\debug\build\debug\matrix33.obj
c:\users\noe76\downloads\of_v0.12.0_vs_release\of_v0.12.0_vs_release\apps\myapps\emptyexample\obj\x64\debug\build\debug\particlespring.obj
c:\users\noe76\downloads\of_v0.12.0_vs_release\of_v0.12.0_vs_release\apps\myapps\emptyexample\obj\x64\debug\build\debug\particlegravity.obj
c:\users\noe76\downloads\of_v0.12.0_vs_release\of_v0.12.0_vs_release\apps\myapps\emptyexample\obj\x64\debug\build\debug\particlecontactgenerator.obj
c:\users\noe76\downloads\of_v0.12.0_vs_release\of_v0.12.0_vs_release\apps\myapps\emptyexample\obj\x64\debug\build\debug\particlerod.obj
c:\users\noe76\downloads\of_v0.12.0_vs_release\of_v0.12.0_vs_release\apps\myapps\emptyexample\obj\x64\debug\build\debug\particleanchorspring.obj
c:\users\noe76\downloads\of_v0.12.0_vs_release\of_v0.12.0_vs_release\apps\myapps\emptyexample\obj\x64\debug\build\debug\particlecontactresolver.obj
c:\users\noe76\downloads\of_v0.12.0_vs_release\of_v0.12.0_vs_release\apps\myapps\emptyexample\obj\x64\debug\build\debug\matrix34.obj
c:\users\noe76\downloads\of_v0.12.0_vs_release\of_v0.12.0_vs_release\apps\myapps\emptyexample\obj\x64\debug\build\debug\quaternion.obj
c:\users\noe76\downloads\of_v0.12.0_vs_release\of_v0.12.0_vs_release\apps\myapps\emptyexample\obj\x64\debug\build\debug\vecteur3d.obj
c:\users\noe76\downloads\of_v0.12.0_vs_release\of_v0.12.0_vs_release\apps\myapps\emptyexample\obj\x64\debug\build\debug\ground.obj
c:\users\noe76\downloads\of_v0.12.0_vs_release\of_v0.12.0_vs_release\apps\myapps\emptyexample\obj\x64\debug\build\debug\rigidbody.obj
c:\users\noe76\downloads\of_v0.12.0_vs_release\of_v0.12.0_vs_release\apps\myapps\emptyexample\obj\x64\debug\build\debug\collision.obj
c:\users\noe76\downloads\of_v0.12.0_vs_release\of_v0.12.0_vs_release\apps\myapps\emptyexample\obj\x64\debug\build\debug\particlecable.obj
c:\users\noe76\downloads\of_v0.12.0_vs_release\of_v0.12.0_vs_release\apps\myapps\emptyexample\obj\x64\debug\build\debug\particleforcegenerator.obj
c:\users\noe76\downloads\of_v0.12.0_vs_release\of_v0.12.0_vs_release\apps\myapps\emptyexample\obj\x64\debug\build\debug\particule.obj
c:\users\noe76\downloads\of_v0.12.0_vs_release\of_v0.12.0_vs_release\apps\myapps\emptyexample\obj\x64\debug\build\debug\particledrag.obj
c:\users\noe76\downloads\of_v0.12.0_vs_release\of_v0.12.0_vs_release\apps\myapps\emptyexample\obj\x64\debug\build\debug\integrateur.obj
c:\users\noe76\downloads\of_v0.12.0_vs_release\of_v0.12.0_vs_release\apps\myapps\emptyexample\obj\x64\debug\build\debug\particleforceregistry.obj
c:\users\noe76\downloads\of_v0.12.0_vs_release\of_v0.12.0_vs_release\apps\myapps\emptyexample\obj\x64\debug\vc143.pdb
c:\users\noe76\downloads\of_v0.12.0_vs_release\of_v0.12.0_vs_release\apps\myapps\emptyexample\obj\x64\debug\build\src\debug\ofapp.obj
c:\users\noe76\downloads\of_v0.12.0_vs_release\of_v0.12.0_vs_release\apps\myapps\emptyexample\obj\x64\debug\build\src\debug\main.obj
d:\program files (x86)\visualstudio\of_v0.12.0_vs_release\apps\myapps\emptyexample\bin\emptyexample_debug.exe
d:\program files (x86)\visualstudio\of_v0.12.0_vs_release\apps\myapps\emptyexample\bin\emptyexample_debug.pdb
d:\program files (x86)\visualstudio\of_v0.12.0_vs_release\apps\myapps\emptyexample\obj\x64\debug\icon.res
c:\users\noe76\downloads\of_v0.12.0_vs_release\of_v0.12.0_vs_release\apps\myapps\emptyexample\obj\x64\debug\icon.res
c:\users\noe76\downloads\of_v0.12.0_vs_release\of_v0.12.0_vs_release\apps\myapps\emptyexample\obj\x64\debug\emptyexample.tlog\cl.command.1.tlog
c:\users\noe76\downloads\of_v0.12.0_vs_release\of_v0.12.0_vs_release\apps\myapps\emptyexample\obj\x64\debug\emptyexample.tlog\cl.items.tlog
c:\users\noe76\downloads\of_v0.12.0_vs_release\of_v0.12.0_vs_release\apps\myapps\emptyexample\obj\x64\debug\emptyexample.tlog\cl.read.1.tlog
c:\users\noe76\downloads\of_v0.12.0_vs_release\of_v0.12.0_vs_release\apps\myapps\emptyexample\obj\x64\debug\emptyexample.tlog\cl.write.1.tlog
c:\users\noe76\downloads\of_v0.12.0_vs_release\of_v0.12.0_vs_release\apps\myapps\emptyexample\obj\x64\debug\emptyexample.tlog\link-cvtres.read.1.tlog
c:\users\noe76\downloads\of_v0.12.0_vs_release\of_v0.12.0_vs_release\apps\myapps\emptyexample\obj\x64\debug\emptyexample.tlog\link-cvtres.write.1.tlog
c:\users\noe76\downloads\of_v0.12.0_vs_release\of_v0.12.0_vs_release\apps\myapps\emptyexample\obj\x64\debug\emptyexample.tlog\link-rc.read.1.tlog
c:\users\noe76\downloads\of_v0.12.0_vs_release\of_v0.12.0_vs_release\apps\myapps\emptyexample\obj\x64\debug\emptyexample.tlog\link-rc.write.1.tlog
c:\users\noe76\downloads\of_v0.12.0_vs_release\of_v0.12.0_vs_release\apps\myapps\emptyexample\obj\x64\debug\emptyexample.tlog\link.command.1.tlog
c:\users\noe76\downloads\of_v0.12.0_vs_release\of_v0.12.0_vs_release\apps\myapps\emptyexample\obj\x64\debug\emptyexample.tlog\link.read.1.tlog
c:\users\noe76\downloads\of_v0.12.0_vs_release\of_v0.12.0_vs_release\apps\myapps\emptyexample\obj\x64\debug\emptyexample.tlog\link.read.2.tlog
c:\users\noe76\downloads\of_v0.12.0_vs_release\of_v0.12.0_vs_release\apps\myapps\emptyexample\obj\x64\debug\emptyexample.tlog\link.read.3.tlog
c:\users\noe76\downloads\of_v0.12.0_vs_release\of_v0.12.0_vs_release\apps\myapps\emptyexample\obj\x64\debug\emptyexample.tlog\link.read.4.tlog
c:\users\noe76\downloads\of_v0.12.0_vs_release\of_v0.12.0_vs_release\apps\myapps\emptyexample\obj\x64\debug\emptyexample.tlog\link.write.1.tlog
c:\users\noe76\downloads\of_v0.12.0_vs_release\of_v0.12.0_vs_release\apps\myapps\emptyexample\obj\x64\debug\emptyexample.tlog\rc.command.1.tlog
c:\users\noe76\downloads\of_v0.12.0_vs_release\of_v0.12.0_vs_release\apps\myapps\emptyexample\obj\x64\debug\emptyexample.tlog\rc.read.1.tlog
c:\users\noe76\downloads\of_v0.12.0_vs_release\of_v0.12.0_vs_release\apps\myapps\emptyexample\obj\x64\debug\emptyexample.tlog\rc.write.1.tlog
