  AnchorForceGenerator.cpp
  BoxRigidBody.cpp
  BSP.cpp
  CylinderRigidBody.cpp
  DragForceGenerator.cpp
  ForceGenerator.cpp
  GravityForceGenerator.cpp
  Integrateur.cpp
  RigidBody.cpp
  RigidContact.cpp
  RigidContactGenerator.cpp
  RigidContactResolver.cpp
  RigidForceRegistry.cpp
  SphereRigidBody.cpp
  SpringForceGenerator.cpp
D:\Newtonix2001\of_v0.12.0_vs_release\apps\myApps\emptyExample\SpringForceGenerator.cpp(20,29): warning C4244: 'argument' : conversion de 'double' en 'float', perte possible de données
D:\Newtonix2001\of_v0.12.0_vs_release\apps\myApps\emptyExample\DragForceGenerator.h(6,13): warning C4305: 'initialisation' : troncation de 'double' à 'float' (compilation du fichier source DragForceGenerator.cpp)
D:\Newtonix2001\of_v0.12.0_vs_release\apps\myApps\emptyExample\RigidContact.cpp(19,44): warning C4244: '=' : conversion de 'double' en 'float', perte possible de données
D:\Newtonix2001\of_v0.12.0_vs_release\apps\myApps\emptyExample\DragForceGenerator.h(7,13): warning C4305: 'initialisation' : troncation de 'double' à 'float' (compilation du fichier source DragForceGenerator.cpp)
D:\Newtonix2001\of_v0.12.0_vs_release\apps\myApps\emptyExample\RigidContact.cpp(20,44): warning C4244: '=' : conversion de 'double' en 'float', perte possible de données
D:\Newtonix2001\of_v0.12.0_vs_release\apps\myApps\emptyExample\DragForceGenerator.cpp(5,14): warning C4244: 'initialisation' : conversion de 'double' en 'float', perte possible de données
D:\Newtonix2001\of_v0.12.0_vs_release\apps\myApps\emptyExample\DragForceGenerator.cpp(6,12): warning C4244: 'initialisation' : conversion de 'double' en 'float', perte possible de données
D:\Newtonix2001\of_v0.12.0_vs_release\apps\myApps\emptyExample\DragForceGenerator.cpp(7,87): warning C4244: 'argument' : conversion de 'double' en 'float', perte possible de données
D:\Newtonix2001\of_v0.12.0_vs_release\apps\myApps\emptyExample\RigidContact.cpp(68,17): warning C4244: 'initialisation' : conversion de 'double' en 'float', perte possible de données
D:\Newtonix2001\of_v0.12.0_vs_release\apps\myApps\emptyExample\RigidContact.cpp(69,159): warning C4244: 'argument' : conversion de 'double' en 'float', perte possible de données
D:\Newtonix2001\of_v0.12.0_vs_release\apps\myApps\emptyExample\BSP.cpp(17,25): warning C4267: '=' : conversion de 'size_t' en 'int', perte possible de données
D:\Newtonix2001\of_v0.12.0_vs_release\apps\myApps\emptyExample\BSP.cpp(21,28): warning C4267: '=' : conversion de 'size_t' en 'int', perte possible de données
D:\Newtonix2001\of_v0.12.0_vs_release\apps\myApps\emptyExample\BoxRigidBody.cpp(43,18): warning C4244: 'return' : conversion de 'double' en 'float', perte possible de données
D:\Newtonix2001\of_v0.12.0_vs_release\apps\myApps\emptyExample\BoxRigidBody.cpp(50,13): warning C4244: 'initialisation' : conversion de 'double' en 'float', perte possible de données
D:\Newtonix2001\of_v0.12.0_vs_release\apps\myApps\emptyExample\SphereRigidBody.cpp(24,13): warning C4244: 'initialisation' : conversion de 'double' en 'float', perte possible de données
D:\Newtonix2001\of_v0.12.0_vs_release\apps\myApps\emptyExample\AnchorForceGenerator.cpp(19,30): warning C4244: 'argument' : conversion de 'double' en 'float', perte possible de données
D:\Newtonix2001\of_v0.12.0_vs_release\apps\myApps\emptyExample\RigidBody.cpp(119,53): warning C4244: 'argument' : conversion de 'double' en 'float', perte possible de données
D:\Newtonix2001\of_v0.12.0_vs_release\apps\myApps\emptyExample\RigidBody.cpp(125,50): warning C4244: 'argument' : conversion de 'double' en 'float', perte possible de données
D:\Newtonix2001\of_v0.12.0_vs_release\apps\myApps\emptyExample\RigidBody.cpp(129,38): warning C4244: 'argument' : conversion de 'double' en 'float', perte possible de données
D:\Newtonix2001\of_v0.12.0_vs_release\apps\myApps\emptyExample\RigidBody.cpp(129,81): warning C4244: 'argument' : conversion de 'double' en 'float', perte possible de données
D:\Newtonix2001\of_v0.12.0_vs_release\apps\myApps\emptyExample\RigidBody.cpp(131,40): warning C4244: 'argument' : conversion de 'double' en 'float', perte possible de données
D:\Newtonix2001\of_v0.12.0_vs_release\apps\myApps\emptyExample\RigidBody.cpp(131,92): warning C4244: 'argument' : conversion de 'double' en 'float', perte possible de données
D:\Newtonix2001\of_v0.12.0_vs_release\apps\myApps\emptyExample\CylinderRigidBody.cpp(30,18): warning C4244: 'return' : conversion de 'double' en 'float', perte possible de données
D:\Newtonix2001\of_v0.12.0_vs_release\apps\myApps\emptyExample\CylinderRigidBody.cpp(35,13): warning C4244: 'initialisation' : conversion de 'double' en 'float', perte possible de données
D:\Newtonix2001\of_v0.12.0_vs_release\libs\openFrameworks\types\ofColor.h(708,6): warning C4244: '=' : conversion de 'float' en 'PixelType', perte possible de données
          with
          [
              PixelType=unsigned char
          ] (compilation du fichier source Integrateur.cpp)
D:\Newtonix2001\of_v0.12.0_vs_release\apps\myApps\emptyExample\Particule.h(23,11): warning C4244: 'argument' : conversion de 'int' en 'float', perte possible de données (compilation du fichier source Integrateur.cpp)
  main.cpp
  ofApp.cpp
D:\Newtonix2001\of_v0.12.0_vs_release\libs\openFrameworks\math\ofMatrix4x4.h(326,20): warning C4267: 'argument' : conversion de 'size_t' en 'int', perte possible de données (compilation du fichier source src\main.cpp)
D:\Newtonix2001\of_v0.12.0_vs_release\libs\openFrameworks\math\ofMatrix4x4.h(331,20): warning C4267: 'argument' : conversion de 'size_t' en 'int', perte possible de données (compilation du fichier source src\main.cpp)
D:\Newtonix2001\of_v0.12.0_vs_release\libs\openFrameworks\math\ofMatrix4x4.h(912,11): warning C4267: 'argument' : conversion de 'size_t' en 'int', perte possible de données (compilation du fichier source src\main.cpp)
D:\Newtonix2001\of_v0.12.0_vs_release\libs\openFrameworks\math\ofMatrix4x4.h(913,11): warning C4267: 'argument' : conversion de 'size_t' en 'int', perte possible de données (compilation du fichier source src\main.cpp)
D:\Newtonix2001\of_v0.12.0_vs_release\libs\openFrameworks\math\ofMatrix4x4.h(914,11): warning C4267: 'argument' : conversion de 'size_t' en 'int', perte possible de données (compilation du fichier source src\main.cpp)
D:\Newtonix2001\of_v0.12.0_vs_release\libs\openFrameworks\math\ofMatrix4x4.h(915,11): warning C4267: 'argument' : conversion de 'size_t' en 'int', perte possible de données (compilation du fichier source src\main.cpp)
D:\Newtonix2001\of_v0.12.0_vs_release\libs\openFrameworks\math\ofMatrix4x4.h(326,20): warning C4267: 'argument' : conversion de 'size_t' en 'int', perte possible de données (compilation du fichier source src\ofApp.cpp)
D:\Newtonix2001\of_v0.12.0_vs_release\libs\openFrameworks\math\ofMatrix4x4.h(331,20): warning C4267: 'argument' : conversion de 'size_t' en 'int', perte possible de données (compilation du fichier source src\ofApp.cpp)
D:\Newtonix2001\of_v0.12.0_vs_release\libs\openFrameworks\math\ofMatrix4x4.h(912,11): warning C4267: 'argument' : conversion de 'size_t' en 'int', perte possible de données (compilation du fichier source src\ofApp.cpp)
D:\Newtonix2001\of_v0.12.0_vs_release\libs\openFrameworks\math\ofMatrix4x4.h(913,11): warning C4267: 'argument' : conversion de 'size_t' en 'int', perte possible de données (compilation du fichier source src\ofApp.cpp)
D:\Newtonix2001\of_v0.12.0_vs_release\libs\openFrameworks\math\ofMatrix4x4.h(914,11): warning C4267: 'argument' : conversion de 'size_t' en 'int', perte possible de données (compilation du fichier source src\ofApp.cpp)
D:\Newtonix2001\of_v0.12.0_vs_release\libs\openFrameworks\math\ofMatrix4x4.h(915,11): warning C4267: 'argument' : conversion de 'size_t' en 'int', perte possible de données (compilation du fichier source src\ofApp.cpp)
D:\Newtonix2001\of_v0.12.0_vs_release\apps\myApps\emptyExample\src\ofApp.cpp(185,42): warning C4267: '=' : conversion de 'size_t' en 'int', perte possible de données
LINK : warning LNK4075: ' /INCREMENTAL' ignoré à cause de la spécification '/FORCE'
  emptyExample.vcxproj -> D:\Newtonix2001\of_v0.12.0_vs_release\apps\myApps\emptyExample\bin\emptyExample_debug.exe
  
  	                   2	D:\Newtonix2001\of_v0.12.0_vs_release\libs\fmod\lib\vs\x64\
  	  *Fichier SUPPL.		 6942208	D:\Newtonix2001\of_v0.12.0_vs_release\apps\myApps\emptyExample\bin\FreeImage.dll
  
  	                   1	D:\Newtonix2001\of_v0.12.0_vs_release\libs\FreeImage\lib\vs\x64\
  	  *Fichier SUPPL.		 1826304	D:\Newtonix2001\of_v0.12.0_vs_release\apps\myApps\emptyExample\bin\fmod.dll
  	  *Fichier SUPPL.		 2041856	D:\Newtonix2001\of_v0.12.0_vs_release\apps\myApps\emptyExample\bin\fmodL.dll
